<?xml version="1.0" encoding="UTF-8"?>
<!-- Generated by org.testng.reporters.JUnitReportReporter -->
<testsuite hostname="MONICA" failures="0" tests="6" name="com.demo.TestNGDemo" time="0.014" errors="0" timestamp="2023-05-12T21:07:09 IST" skipped="1">
  <testcase classname="com.demo.TestNGDemo" name="tc1" time="0.010"/>
  <system-out/>
  <testcase classname="com.demo.TestNGDemo" name="tc1" time="0.002"/>
  <system-out/>
  <testcase classname="com.demo.TestNGDemo" name="tc3" time="0.001"/>
  <system-out/>
  <testcase classname="com.demo.TestNGDemo" name="tc4" time="0.000"/>
  <system-out/>
  <testcase classname="com.demo.TestNGDemo" name="tc2" time="0.001"/>
  <system-out/>
  <testcase classname="com.demo.TestNGDemo" name="tc5">
    <skipped/>
  </testcase> <!-- tc5 -->
  <system-out/>
</testsuite> <!-- com.demo.TestNGDemo -->
